============================================================
  Generated by:           Encounter(R) RTL Compiler RC14.13 - v14.10-s027_1
  Generated on:           Oct 10 2021  04:07:01 pm
  Module:                 Simpler_Cipher_Decryption
  Technology library:     NanGate_15nm_OCL revision 1.0
  Operating conditions:   worst_low (balanced_tree)
  Wireload mode:          enclosed
  Area mode:              timing library
============================================================

                                
   Gate     Instances    Area         Library       
----------------------------------------------------
AND2_X1            50    14.746    NanGate_15nm_OCL 
AND2_X2             1     0.344    NanGate_15nm_OCL 
AND3_X1             2     0.786    NanGate_15nm_OCL 
AOI21_X1           32     9.437    NanGate_15nm_OCL 
AOI22_X1         6490  2232.975    NanGate_15nm_OCL 
BUF_X1              1     0.246    NanGate_15nm_OCL 
BUF_X12             1     0.983    NanGate_15nm_OCL 
BUF_X2              2     0.492    NanGate_15nm_OCL 
BUF_X4             12     4.719    NanGate_15nm_OCL 
BUF_X8              3     2.064    NanGate_15nm_OCL 
DFFRNQ_X1           1     1.278    NanGate_15nm_OCL 
DFFSNQ_X1        4167  5325.226    NanGate_15nm_OCL 
FA_X1               1     1.180    NanGate_15nm_OCL 
HA_X1              17    10.863    NanGate_15nm_OCL 
INV_X1            650    95.846    NanGate_15nm_OCL 
INV_X12             2     1.376    NanGate_15nm_OCL 
INV_X16             1     0.885    NanGate_15nm_OCL 
INV_X2              1     0.197    NanGate_15nm_OCL 
INV_X4             18     5.308    NanGate_15nm_OCL 
NAND2_X1          692   136.053    NanGate_15nm_OCL 
NAND3_X1           42    12.386    NanGate_15nm_OCL 
NAND4_X1          582   200.245    NanGate_15nm_OCL 
NOR2_X1           664   130.548    NanGate_15nm_OCL 
NOR2_X2             6     1.769    NanGate_15nm_OCL 
NOR3_X1            14     4.129    NanGate_15nm_OCL 
NOR4_X1            10     3.441    NanGate_15nm_OCL 
OAI21_X1         4154  1225.064    NanGate_15nm_OCL 
OAI22_X1           25     8.602    NanGate_15nm_OCL 
OR2_X1             17     5.014    NanGate_15nm_OCL 
OR3_X1              3     1.180    NanGate_15nm_OCL 
OR3_X2              1     0.393    NanGate_15nm_OCL 
OR4_X1              3     1.327    NanGate_15nm_OCL 
SDFFSNQ_X1          1     1.622    NanGate_15nm_OCL 
XNOR2_X1           13     5.751    NanGate_15nm_OCL 
XOR2_X1            33    14.598    NanGate_15nm_OCL 
----------------------------------------------------
total           17712  9461.072                     


                                     
   Type    Instances   Area   Area % 
-------------------------------------
sequential      4169 5328.126   56.3 
inverter         672  103.612    1.1 
buffer            19    8.503    0.1 
logic          12852 4020.830   42.5 
-------------------------------------
total          17712 9461.072  100.0 

