============================================================
  Generated by:           Encounter(R) RTL Compiler RC14.13 - v14.10-s027_1
  Generated on:           Oct 10 2021  12:53:20 am
  Module:                 Simpler_Cipher_Decryption
  Technology library:     NanGate_15nm_OCL revision 1.0
  Operating conditions:   worst_low (balanced_tree)
  Wireload mode:          enclosed
  Area mode:              timing library
============================================================

                                
   Gate     Instances    Area         Library       
----------------------------------------------------
AND2_X1            10     2.949    NanGate_15nm_OCL 
AND2_X2             2     0.688    NanGate_15nm_OCL 
AND3_X1             2     0.786    NanGate_15nm_OCL 
AND3_X2             1     0.393    NanGate_15nm_OCL 
AOI21_X1           35    10.322    NanGate_15nm_OCL 
AOI22_X1         2389   821.969    NanGate_15nm_OCL 
BUF_X2             16     3.932    NanGate_15nm_OCL 
BUF_X4              1     0.393    NanGate_15nm_OCL 
CLKBUF_X4           7     2.753    NanGate_15nm_OCL 
DFFSNQ_X1          70    89.457    NanGate_15nm_OCL 
FA_X1               4     4.719    NanGate_15nm_OCL 
HA_X1              16    10.224    NanGate_15nm_OCL 
INV_X1            201    29.639    NanGate_15nm_OCL 
INV_X2             15     2.949    NanGate_15nm_OCL 
INV_X4              2     0.590    NanGate_15nm_OCL 
INV_X8              2     0.983    NanGate_15nm_OCL 
NAND2_X1          443    87.097    NanGate_15nm_OCL 
NAND3_X1           44    12.976    NanGate_15nm_OCL 
NAND4_X1          585   201.277    NanGate_15nm_OCL 
NOR2_X1           380    74.711    NanGate_15nm_OCL 
NOR2_X2             5     1.475    NanGate_15nm_OCL 
NOR3_X1             7     2.064    NanGate_15nm_OCL 
NOR4_X1             9     3.097    NanGate_15nm_OCL 
OAI21_X1           58    17.105    NanGate_15nm_OCL 
OAI22_X1           24     8.258    NanGate_15nm_OCL 
OR2_X1              7     2.064    NanGate_15nm_OCL 
OR3_X1              3     1.180    NanGate_15nm_OCL 
OR4_X1              2     0.885    NanGate_15nm_OCL 
SDFFSNQ_X1       4098  6647.022    NanGate_15nm_OCL 
XNOR2_X1           14     6.193    NanGate_15nm_OCL 
XOR2_X1            27    11.944    NanGate_15nm_OCL 
----------------------------------------------------
total            8479  8060.092                     


                                     
   Type    Instances   Area   Area % 
-------------------------------------
sequential      4168 6736.478   83.6 
inverter         220   34.161    0.4 
buffer            24    7.078    0.1 
logic           4067 1282.376   15.9 
-------------------------------------
total           8479 8060.092  100.0 

